<?xml version="1.0" encoding="UTF-8"?>
<!-- Generated by org.testng.reporters.JUnitReportReporter -->
<testsuite hostname="DESKTOP-H0L15R2" failures="0" tests="1" name="testCases.Test_Verfi_See" time="0.007" errors="0" timestamp="2020-07-18T00:12:11 CDT" skipped="0">
  <testcase classname="testCases.Test_Verfi_See" name="link" time="0.007"/>
  <system-out/>
</testsuite> <!-- testCases.Test_Verfi_See -->
