<?xml version="1.0" encoding="UTF-8"?>
<!-- Generated by org.testng.reporters.JUnitReportReporter -->
<testsuite hostname="SkySchooling" failures="0" tests="1" name="testCases.Test_Login" time="600.010" errors="0" timestamp="2020-07-30T22:31:27 CDT" skipped="0">
  <testcase classname="testCases.Test_Login" name="autoSearch" time="600.010"/>
  <system-out/>
</testsuite> <!-- testCases.Test_Login -->
